{"C:\\Users\\SEM PESCOÇO\\Documents\\Codex\\2026-07-06\\use-o-github-ou-o-c-2\\src\\app.js": {"path":"C:\\Users\\SEM PESCOÇO\\Documents\\Codex\\2026-07-06\\use-o-github-ou-o-c-2\\src\\app.js","statementMap":{"0":{"start":{"line":1,"column":16},"end":{"line":1,"column":34}},"1":{"start":{"line":2,"column":13},"end":{"line":2,"column":28}},"2":{"start":{"line":3,"column":13},"end":{"line":3,"column":28}},"3":{"start":{"line":4,"column":19},"end":{"line":4,"column":49}},"4":{"start":{"line":6,"column":12},"end":{"line":6,"column":21}},"5":{"start":{"line":7,"column":13},"end":{"line":7,"column":37}},"6":{"start":{"line":9,"column":0},"end":{"line":9,"column":16}},"7":{"start":{"line":10,"column":0},"end":{"line":10,"column":24}},"8":{"start":{"line":11,"column":0},"end":{"line":11,"column":48}},"9":{"start":{"line":13,"column":0},"end":{"line":13,"column":55}},"10":{"start":{"line":14,"column":0},"end":{"line":14,"column":34}},"11":{"start":{"line":16,"column":0},"end":{"line":22,"column":3}},"12":{"start":{"line":17,"column":2},"end":{"line":21,"column":5}},"13":{"start":{"line":24,"column":0},"end":{"line":26,"column":3}},"14":{"start":{"line":25,"column":2},"end":{"line":25,"column":60}},"15":{"start":{"line":28,"column":0},"end":{"line":32,"column":1}},"16":{"start":{"line":29,"column":2},"end":{"line":31,"column":5}},"17":{"start":{"line":30,"column":4},"end":{"line":30,"column":65}},"18":{"start":{"line":34,"column":0},"end":{"line":34,"column":21}}},"fnMap":{"0":{"name":"(anonymous_0)","decl":{"start":{"line":16,"column":23},"end":{"line":16,"column":24}},"loc":{"start":{"line":16,"column":37},"end":{"line":22,"column":1}},"line":16},"1":{"name":"(anonymous_1)","decl":{"start":{"line":24,"column":13},"end":{"line":24,"column":14}},"loc":{"start":{"line":24,"column":27},"end":{"line":26,"column":1}},"line":24},"2":{"name":"(anonymous_2)","decl":{"start":{"line":29,"column":19},"end":{"line":29,"column":20}},"loc":{"start":{"line":29,"column":25},"end":{"line":31,"column":3}},"line":29}},"branchMap":{"0":{"loc":{"start":{"line":7,"column":13},"end":{"line":7,"column":37}},"type":"binary-expr","locations":[{"start":{"line":7,"column":13},"end":{"line":7,"column":29}},{"start":{"line":7,"column":33},"end":{"line":7,"column":37}}],"line":7},"1":{"loc":{"start":{"line":28,"column":0},"end":{"line":32,"column":1}},"type":"if","locations":[{"start":{"line":28,"column":0},"end":{"line":32,"column":1}},{"start":{},"end":{}}],"line":28}},"s":{"0":1,"1":1,"2":1,"3":1,"4":1,"5":1,"6":1,"7":1,"8":1,"9":1,"10":1,"11":1,"12":1,"13":1,"14":0,"15":1,"16":0,"17":0,"18":1},"f":{"0":1,"1":0,"2":0},"b":{"0":[1,1],"1":[0,1]},"_coverageSchema":"1a1c01bbd47fc00a2c39e90264f33305004495a9","hash":"33e82d462a5b9f5787ebdf3bb149f8ffadeedd1b"}
,"C:\\Users\\SEM PESCOÇO\\Documents\\Codex\\2026-07-06\\use-o-github-ou-o-c-2\\src\\controllers\\taskController.js": {"path":"C:\\Users\\SEM PESCOÇO\\Documents\\Codex\\2026-07-06\\use-o-github-ou-o-c-2\\src\\controllers\\taskController.js","statementMap":{"0":{"start":{"line":1,"column":22},"end":{"line":1,"column":52}},"1":{"start":{"line":3,"column":23},"end":{"line":48,"column":1}},"2":{"start":{"line":5,"column":4},"end":{"line":9,"column":5}},"3":{"start":{"line":6,"column":6},"end":{"line":6,"column":48}},"4":{"start":{"line":8,"column":6},"end":{"line":8,"column":67}},"5":{"start":{"line":13,"column":4},"end":{"line":18,"column":5}},"6":{"start":{"line":14,"column":19},"end":{"line":14,"column":45}},"7":{"start":{"line":15,"column":6},"end":{"line":15,"column":33}},"8":{"start":{"line":17,"column":6},"end":{"line":17,"column":53}},"9":{"start":{"line":22,"column":4},"end":{"line":32,"column":5}},"10":{"start":{"line":23,"column":19},"end":{"line":23,"column":60}},"11":{"start":{"line":25,"column":6},"end":{"line":27,"column":7}},"12":{"start":{"line":26,"column":8},"end":{"line":26,"column":73}},"13":{"start":{"line":29,"column":6},"end":{"line":29,"column":40}},"14":{"start":{"line":31,"column":6},"end":{"line":31,"column":60}},"15":{"start":{"line":36,"column":4},"end":{"line":46,"column":5}},"16":{"start":{"line":37,"column":22},"end":{"line":37,"column":53}},"17":{"start":{"line":39,"column":6},"end":{"line":41,"column":7}},"18":{"start":{"line":40,"column":8},"end":{"line":40,"column":73}},"19":{"start":{"line":43,"column":6},"end":{"line":43,"column":79}},"20":{"start":{"line":45,"column":6},"end":{"line":45,"column":74}},"21":{"start":{"line":50,"column":0},"end":{"line":50,"column":32}}},"fnMap":{"0":{"name":"(anonymous_0)","decl":{"start":{"line":4,"column":2},"end":{"line":4,"column":3}},"loc":{"start":{"line":4,"column":24},"end":{"line":10,"column":3}},"line":4},"1":{"name":"(anonymous_1)","decl":{"start":{"line":12,"column":2},"end":{"line":12,"column":3}},"loc":{"start":{"line":12,"column":23},"end":{"line":19,"column":3}},"line":12},"2":{"name":"(anonymous_2)","decl":{"start":{"line":21,"column":2},"end":{"line":21,"column":3}},"loc":{"start":{"line":21,"column":23},"end":{"line":33,"column":3}},"line":21},"3":{"name":"(anonymous_3)","decl":{"start":{"line":35,"column":2},"end":{"line":35,"column":3}},"loc":{"start":{"line":35,"column":23},"end":{"line":47,"column":3}},"line":35}},"branchMap":{"0":{"loc":{"start":{"line":25,"column":6},"end":{"line":27,"column":7}},"type":"if","locations":[{"start":{"line":25,"column":6},"end":{"line":27,"column":7}},{"start":{},"end":{}}],"line":25},"1":{"loc":{"start":{"line":39,"column":6},"end":{"line":41,"column":7}},"type":"if","locations":[{"start":{"line":39,"column":6},"end":{"line":41,"column":7}},{"start":{},"end":{}}],"line":39}},"s":{"0":1,"1":1,"2":1,"3":1,"4":0,"5":4,"6":4,"7":3,"8":1,"9":2,"10":2,"11":2,"12":1,"13":1,"14":0,"15":1,"16":1,"17":1,"18":0,"19":1,"20":0,"21":1},"f":{"0":1,"1":4,"2":2,"3":1},"b":{"0":[1,1],"1":[0,1]},"_coverageSchema":"1a1c01bbd47fc00a2c39e90264f33305004495a9","hash":"73d941cb2ec4015864cb48a66953d5f755c2f3c4"}
,"C:\\Users\\SEM PESCOÇO\\Documents\\Codex\\2026-07-06\\use-o-github-ou-o-c-2\\src\\models\\taskModel.js": {"path":"C:\\Users\\SEM PESCOÇO\\Documents\\Codex\\2026-07-06\\use-o-github-ou-o-c-2\\src\\models\\taskModel.js","statementMap":{"0":{"start":{"line":1,"column":23},"end":{"line":1,"column":38}},"1":{"start":{"line":3,"column":20},"end":{"line":3,"column":21}},"2":{"start":{"line":6,"column":13},"end":{"line":6,"column":52}},"3":{"start":{"line":7,"column":2},"end":{"line":7,"column":21}},"4":{"start":{"line":8,"column":2},"end":{"line":8,"column":36}},"5":{"start":{"line":13,"column":4},"end":{"line":13,"column":20}},"6":{"start":{"line":17,"column":4},"end":{"line":17,"column":35}},"7":{"start":{"line":18,"column":4},"end":{"line":18,"column":47}},"8":{"start":{"line":20,"column":16},"end":{"line":20,"column":24}},"9":{"start":{"line":21,"column":17},"end":{"line":28,"column":5}},"10":{"start":{"line":30,"column":4},"end":{"line":30,"column":26}},"11":{"start":{"line":31,"column":4},"end":{"line":31,"column":16}},"12":{"start":{"line":35,"column":4},"end":{"line":35,"column":89}},"13":{"start":{"line":35,"column":42},"end":{"line":35,"column":87}},"14":{"start":{"line":39,"column":4},"end":{"line":39,"column":61}},"15":{"start":{"line":39,"column":37},"end":{"line":39,"column":51}},"16":{"start":{"line":43,"column":18},"end":{"line":43,"column":64}},"17":{"start":{"line":43,"column":49},"end":{"line":43,"column":63}},"18":{"start":{"line":44,"column":4},"end":{"line":44,"column":34}},"19":{"start":{"line":44,"column":22},"end":{"line":44,"column":34}},"20":{"start":{"line":46,"column":17},"end":{"line":46,"column":41}},"21":{"start":{"line":48,"column":4},"end":{"line":51,"column":5}},"22":{"start":{"line":49,"column":6},"end":{"line":49,"column":37}},"23":{"start":{"line":50,"column":6},"end":{"line":50,"column":37}},"24":{"start":{"line":53,"column":4},"end":{"line":56,"column":5}},"25":{"start":{"line":54,"column":6},"end":{"line":54,"column":49}},"26":{"start":{"line":55,"column":6},"end":{"line":55,"column":49}},"27":{"start":{"line":58,"column":4},"end":{"line":60,"column":5}},"28":{"start":{"line":59,"column":6},"end":{"line":59,"column":47}},"29":{"start":{"line":62,"column":4},"end":{"line":62,"column":30}},"30":{"start":{"line":63,"column":4},"end":{"line":63,"column":29}},"31":{"start":{"line":64,"column":4},"end":{"line":64,"column":16}},"32":{"start":{"line":68,"column":18},"end":{"line":68,"column":64}},"33":{"start":{"line":68,"column":49},"end":{"line":68,"column":63}},"34":{"start":{"line":69,"column":4},"end":{"line":69,"column":35}},"35":{"start":{"line":69,"column":22},"end":{"line":69,"column":35}},"36":{"start":{"line":71,"column":4},"end":{"line":71,"column":32}},"37":{"start":{"line":72,"column":4},"end":{"line":72,"column":16}},"38":{"start":{"line":76,"column":4},"end":{"line":76,"column":29}},"39":{"start":{"line":80,"column":4},"end":{"line":80,"column":20}},"40":{"start":{"line":84,"column":4},"end":{"line":86,"column":5}},"41":{"start":{"line":85,"column":6},"end":{"line":85,"column":49}},"42":{"start":{"line":88,"column":4},"end":{"line":90,"column":5}},"43":{"start":{"line":89,"column":6},"end":{"line":89,"column":69}},"44":{"start":{"line":94,"column":4},"end":{"line":96,"column":5}},"45":{"start":{"line":95,"column":6},"end":{"line":95,"column":72}},"46":{"start":{"line":100,"column":18},"end":{"line":100,"column":33}},"47":{"start":{"line":102,"column":0},"end":{"line":102,"column":42}}},"fnMap":{"0":{"name":"nowISO","decl":{"start":{"line":5,"column":9},"end":{"line":5,"column":15}},"loc":{"start":{"line":5,"column":18},"end":{"line":9,"column":1}},"line":5},"1":{"name":"(anonymous_1)","decl":{"start":{"line":12,"column":2},"end":{"line":12,"column":3}},"loc":{"start":{"line":12,"column":16},"end":{"line":14,"column":3}},"line":12},"2":{"name":"(anonymous_2)","decl":{"start":{"line":16,"column":2},"end":{"line":16,"column":3}},"loc":{"start":{"line":16,"column":15},"end":{"line":32,"column":3}},"line":16},"3":{"name":"(anonymous_3)","decl":{"start":{"line":34,"column":2},"end":{"line":34,"column":3}},"loc":{"start":{"line":34,"column":12},"end":{"line":36,"column":3}},"line":34},"4":{"name":"(anonymous_4)","decl":{"start":{"line":35,"column":32},"end":{"line":35,"column":33}},"loc":{"start":{"line":35,"column":42},"end":{"line":35,"column":87}},"line":35},"5":{"name":"(anonymous_5)","decl":{"start":{"line":38,"column":2},"end":{"line":38,"column":3}},"loc":{"start":{"line":38,"column":15},"end":{"line":40,"column":3}},"line":38},"6":{"name":"(anonymous_6)","decl":{"start":{"line":39,"column":27},"end":{"line":39,"column":28}},"loc":{"start":{"line":39,"column":37},"end":{"line":39,"column":51}},"line":39},"7":{"name":"(anonymous_7)","decl":{"start":{"line":42,"column":2},"end":{"line":42,"column":3}},"loc":{"start":{"line":42,"column":19},"end":{"line":65,"column":3}},"line":42},"8":{"name":"(anonymous_8)","decl":{"start":{"line":43,"column":39},"end":{"line":43,"column":40}},"loc":{"start":{"line":43,"column":49},"end":{"line":43,"column":63}},"line":43},"9":{"name":"(anonymous_9)","decl":{"start":{"line":67,"column":2},"end":{"line":67,"column":3}},"loc":{"start":{"line":67,"column":13},"end":{"line":73,"column":3}},"line":67},"10":{"name":"(anonymous_10)","decl":{"start":{"line":68,"column":39},"end":{"line":68,"column":40}},"loc":{"start":{"line":68,"column":49},"end":{"line":68,"column":63}},"line":68},"11":{"name":"(anonymous_11)","decl":{"start":{"line":75,"column":2},"end":{"line":75,"column":3}},"loc":{"start":{"line":75,"column":10},"end":{"line":77,"column":3}},"line":75},"12":{"name":"(anonymous_12)","decl":{"start":{"line":79,"column":2},"end":{"line":79,"column":3}},"loc":{"start":{"line":79,"column":10},"end":{"line":81,"column":3}},"line":79},"13":{"name":"(anonymous_13)","decl":{"start":{"line":83,"column":2},"end":{"line":83,"column":3}},"loc":{"start":{"line":83,"column":23},"end":{"line":91,"column":3}},"line":83},"14":{"name":"(anonymous_14)","decl":{"start":{"line":93,"column":2},"end":{"line":93,"column":3}},"loc":{"start":{"line":93,"column":35},"end":{"line":97,"column":3}},"line":93}},"branchMap":{"0":{"loc":{"start":{"line":24,"column":19},"end":{"line":24,"column":66}},"type":"cond-expr","locations":[{"start":{"line":24,"column":38},"end":{"line":24,"column":61}},{"start":{"line":24,"column":64},"end":{"line":24,"column":66}}],"line":24},"1":{"loc":{"start":{"line":39,"column":11},"end":{"line":39,"column":60}},"type":"binary-expr","locations":[{"start":{"line":39,"column":11},"end":{"line":39,"column":52}},{"start":{"line":39,"column":56},"end":{"line":39,"column":60}}],"line":39},"2":{"loc":{"start":{"line":44,"column":4},"end":{"line":44,"column":34}},"type":"if","locations":[{"start":{"line":44,"column":4},"end":{"line":44,"column":34}},{"start":{},"end":{}}],"line":44},"3":{"loc":{"start":{"line":48,"column":4},"end":{"line":51,"column":5}},"type":"if","locations":[{"start":{"line":48,"column":4},"end":{"line":51,"column":5}},{"start":{},"end":{}}],"line":48},"4":{"loc":{"start":{"line":53,"column":4},"end":{"line":56,"column":5}},"type":"if","locations":[{"start":{"line":53,"column":4},"end":{"line":56,"column":5}},{"start":{},"end":{}}],"line":53},"5":{"loc":{"start":{"line":58,"column":4},"end":{"line":60,"column":5}},"type":"if","locations":[{"start":{"line":58,"column":4},"end":{"line":60,"column":5}},{"start":{},"end":{}}],"line":58},"6":{"loc":{"start":{"line":69,"column":4},"end":{"line":69,"column":35}},"type":"if","locations":[{"start":{"line":69,"column":4},"end":{"line":69,"column":35}},{"start":{},"end":{}}],"line":69},"7":{"loc":{"start":{"line":84,"column":4},"end":{"line":86,"column":5}},"type":"if","locations":[{"start":{"line":84,"column":4},"end":{"line":86,"column":5}},{"start":{},"end":{}}],"line":84},"8":{"loc":{"start":{"line":84,"column":8},"end":{"line":84,"column":72}},"type":"binary-expr","locations":[{"start":{"line":84,"column":8},"end":{"line":84,"column":14}},{"start":{"line":84,"column":18},"end":{"line":84,"column":43}},{"start":{"line":84,"column":47},"end":{"line":84,"column":72}}],"line":84},"9":{"loc":{"start":{"line":88,"column":4},"end":{"line":90,"column":5}},"type":"if","locations":[{"start":{"line":88,"column":4},"end":{"line":90,"column":5}},{"start":{},"end":{}}],"line":88},"10":{"loc":{"start":{"line":94,"column":4},"end":{"line":96,"column":5}},"type":"if","locations":[{"start":{"line":94,"column":4},"end":{"line":96,"column":5}},{"start":{},"end":{}}],"line":94},"11":{"loc":{"start":{"line":94,"column":8},"end":{"line":94,"column":54}},"type":"binary-expr","locations":[{"start":{"line":94,"column":8},"end":{"line":94,"column":19}},{"start":{"line":94,"column":23},"end":{"line":94,"column":54}}],"line":94}},"s":{"0":1,"1":1,"2":10,"3":10,"4":10,"5":6,"6":11,"7":8,"8":8,"9":8,"10":8,"11":8,"12":2,"13":1,"14":1,"15":0,"16":3,"17":2,"18":3,"19":1,"20":2,"21":2,"22":1,"23":1,"24":2,"25":0,"26":0,"27":2,"28":2,"29":2,"30":2,"31":2,"32":2,"33":2,"34":2,"35":0,"36":2,"37":2,"38":1,"39":7,"40":12,"41":3,"42":9,"43":0,"44":8,"45":0,"46":1,"47":1},"f":{"0":10,"1":6,"2":11,"3":2,"4":1,"5":1,"6":0,"7":3,"8":2,"9":2,"10":2,"11":1,"12":7,"13":12,"14":8},"b":{"0":[2,6],"1":[1,1],"2":[1,2],"3":[1,1],"4":[0,2],"5":[2,0],"6":[0,2],"7":[3,9],"8":[12,9,9],"9":[0,9],"10":[0,8],"11":[8,2]},"_coverageSchema":"1a1c01bbd47fc00a2c39e90264f33305004495a9","hash":"77ff8959a722ab74afef6aca71ae812f57de87bc"}
,"C:\\Users\\SEM PESCOÇO\\Documents\\Codex\\2026-07-06\\use-o-github-ou-o-c-2\\src\\routes\\taskRoutes.js": {"path":"C:\\Users\\SEM PESCOÇO\\Documents\\Codex\\2026-07-06\\use-o-github-ou-o-c-2\\src\\routes\\taskRoutes.js","statementMap":{"0":{"start":{"line":1,"column":16},"end":{"line":1,"column":34}},"1":{"start":{"line":2,"column":23},"end":{"line":2,"column":63}},"2":{"start":{"line":4,"column":15},"end":{"line":4,"column":31}},"3":{"start":{"line":6,"column":0},"end":{"line":6,"column":44}},"4":{"start":{"line":7,"column":0},"end":{"line":7,"column":44}},"5":{"start":{"line":8,"column":0},"end":{"line":8,"column":46}},"6":{"start":{"line":9,"column":0},"end":{"line":9,"column":49}},"7":{"start":{"line":11,"column":0},"end":{"line":11,"column":24}}},"fnMap":{},"branchMap":{},"s":{"0":1,"1":1,"2":1,"3":1,"4":1,"5":1,"6":1,"7":1},"f":{},"b":{},"_coverageSchema":"1a1c01bbd47fc00a2c39e90264f33305004495a9","hash":"b91bcfb948fad8173201e9245b7851f3ae1fa783"}
}
