TN:
SF:src\app.js
FN:16,(anonymous_0)
FN:24,(anonymous_1)
FN:29,(anonymous_2)
FNF:3
FNH:1
FNDA:1,(anonymous_0)
FNDA:0,(anonymous_1)
FNDA:0,(anonymous_2)
DA:1,1
DA:2,1
DA:3,1
DA:4,1
DA:6,1
DA:7,1
DA:9,1
DA:10,1
DA:11,1
DA:13,1
DA:14,1
DA:16,1
DA:17,1
DA:24,1
DA:25,0
DA:28,1
DA:29,0
DA:30,0
DA:34,1
LF:19
LH:16
BRDA:7,0,0,1
BRDA:7,0,1,1
BRDA:28,1,0,0
BRDA:28,1,1,1
BRF:4
BRH:3
end_of_record
TN:
SF:src\controllers\taskController.js
FN:4,(anonymous_0)
FN:12,(anonymous_1)
FN:21,(anonymous_2)
FN:35,(anonymous_3)
FNF:4
FNH:4
FNDA:1,(anonymous_0)
FNDA:4,(anonymous_1)
FNDA:2,(anonymous_2)
FNDA:1,(anonymous_3)
DA:1,1
DA:3,1
DA:5,1
DA:6,1
DA:8,0
DA:13,4
DA:14,4
DA:15,3
DA:17,1
DA:22,2
DA:23,2
DA:25,2
DA:26,1
DA:29,1
DA:31,0
DA:36,1
DA:37,1
DA:39,1
DA:40,0
DA:43,1
DA:45,0
DA:50,1
LF:22
LH:18
BRDA:25,0,0,1
BRDA:25,0,1,1
BRDA:39,1,0,0
BRDA:39,1,1,1
BRF:4
BRH:3
end_of_record
TN:
SF:src\models\taskModel.js
FN:5,nowISO
FN:12,(anonymous_1)
FN:16,(anonymous_2)
FN:34,(anonymous_3)
FN:35,(anonymous_4)
FN:38,(anonymous_5)
FN:39,(anonymous_6)
FN:42,(anonymous_7)
FN:43,(anonymous_8)
FN:67,(anonymous_9)
FN:68,(anonymous_10)
FN:75,(anonymous_11)
FN:79,(anonymous_12)
FN:83,(anonymous_13)
FN:93,(anonymous_14)
FNF:15
FNH:14
FNDA:10,nowISO
FNDA:6,(anonymous_1)
FNDA:11,(anonymous_2)
FNDA:2,(anonymous_3)
FNDA:1,(anonymous_4)
FNDA:1,(anonymous_5)
FNDA:0,(anonymous_6)
FNDA:3,(anonymous_7)
FNDA:2,(anonymous_8)
FNDA:2,(anonymous_9)
FNDA:2,(anonymous_10)
FNDA:1,(anonymous_11)
FNDA:7,(anonymous_12)
FNDA:12,(anonymous_13)
FNDA:8,(anonymous_14)
DA:1,1
DA:3,1
DA:6,10
DA:7,10
DA:8,10
DA:13,6
DA:17,11
DA:18,8
DA:20,8
DA:21,8
DA:30,8
DA:31,8
DA:35,2
DA:39,1
DA:43,3
DA:44,3
DA:46,2
DA:48,2
DA:49,1
DA:50,1
DA:53,2
DA:54,0
DA:55,0
DA:58,2
DA:59,2
DA:62,2
DA:63,2
DA:64,2
DA:68,2
DA:69,2
DA:71,2
DA:72,2
DA:76,1
DA:80,7
DA:84,12
DA:85,3
DA:88,9
DA:89,0
DA:94,8
DA:95,0
DA:100,1
DA:102,1
LF:42
LH:38
BRDA:24,0,0,2
BRDA:24,0,1,6
BRDA:39,1,0,1
BRDA:39,1,1,1
BRDA:44,2,0,1
BRDA:44,2,1,2
BRDA:48,3,0,1
BRDA:48,3,1,1
BRDA:53,4,0,0
BRDA:53,4,1,2
BRDA:58,5,0,2
BRDA:58,5,1,0
BRDA:69,6,0,0
BRDA:69,6,1,2
BRDA:84,7,0,3
BRDA:84,7,1,9
BRDA:84,8,0,12
BRDA:84,8,1,9
BRDA:84,8,2,9
BRDA:88,9,0,0
BRDA:88,9,1,9
BRDA:94,10,0,0
BRDA:94,10,1,8
BRDA:94,11,0,8
BRDA:94,11,1,2
BRF:25
BRH:20
end_of_record
TN:
SF:src\routes\taskRoutes.js
FNF:0
FNH:0
DA:1,1
DA:2,1
DA:4,1
DA:6,1
DA:7,1
DA:8,1
DA:9,1
DA:11,1
LF:8
LH:8
BRF:0
BRH:0
end_of_record
